#
# There is insufficient memory for the Java Runtime Environment to continue.
# Native memory allocation (malloc) failed to allocate 1048576 bytes for AllocateHeap
# Possible reasons:
#   The system is out of physical RAM or swap space
#   The process is running with CompressedOops enabled, and the Java Heap may be blocking the growth of the native heap
# Possible solutions:
#   Reduce memory load on the system
#   Increase physical memory or swap space
#   Check if swap backing store is full
#   Decrease Java heap size (-Xmx/-Xms)
#   Decrease number of Java threads
#   Decrease Java thread stack sizes (-Xss)
#   Set larger code cache with -XX:ReservedCodeCacheSize=
#   JVM is running with Unscaled Compressed Oops mode in which the Java heap is
#     placed in the first 4GB address space. The Java Heap base address is the
#     maximum limit for the native heap growth. Please use -XX:HeapBaseMinAddress
#     to set the Java Heap base and to place the Java Heap above 4GB virtual address.
# This output file may be truncated or incomplete.
#
#  Out of Memory Error (memory/allocation.inline.hpp:61), pid=13208, tid=0x0000000000004390
#
# JRE version:  (8.0_201-b09) (build )
# Java VM: Java HotSpot(TM) 64-Bit Server VM (25.201-b09 mixed mode windows-amd64 compressed oops)
# Failed to write core dump. Minidumps are not enabled by default on client versions of Windows
#

---------------  T H R E A D  ---------------

Current thread (0x000000000284d800):  JavaThread "Unknown thread" [_thread_in_vm, id=17296, stack(0x0000000000dd0000,0x0000000000ed0000)]

Stack: [0x0000000000dd0000,0x0000000000ed0000]
[error occurred during error reporting (printing stack bounds), id 0xc0000005]

Native frames: (J=compiled Java code, j=interpreted, Vv=VM code, C=native code)


---------------  P R O C E S S  ---------------

Java Threads: ( => current thread )

Other Threads:

=>0x000000000284d800 (exited) JavaThread "Unknown thread" [_thread_in_vm, id=17296, stack(0x0000000000dd0000,0x0000000000ed0000)]

VM state:not at safepoint (normal execution)

VM Mutex/Monitor currently owned by a thread: None

heap address: 0x0000000081c00000, size: 2020 MB, Compressed Oops mode: 32-bit
Narrow klass base: 0x0000000000000000, Narrow klass shift: 3
Compressed class space size: 1073741824 Address: 0x0000000100000000

Heap:
 PSYoungGen      total 38400K, used 665K [0x00000000d5f00000, 0x00000000d8980000, 0x0000000100000000)
  eden space 33280K, 2% used [0x00000000d5f00000,0x00000000d5fa6670,0x00000000d7f80000)
  from space 5120K, 0% used [0x00000000d8480000,0x00000000d8480000,0x00000000d8980000)
  to   space 5120K, 0% used [0x00000000d7f80000,0x00000000d7f80000,0x00000000d8480000)
 ParOldGen       total 87552K, used 0K [0x0000000081c00000, 0x0000000087180000, 0x00000000d5f00000)
  object space 87552K, 0% used [0x0000000081c00000,0x0000000081c00000,0x0000000087180000)
 Metaspace       used 751K, capacity 4480K, committed 4480K, reserved 1056768K
  class space    used 76K, capacity 384K, committed 384K, reserved 1048576K

Card table byte_map: [0x0000000011c10000,0x0000000012010000] byte_map_base: 0x0000000011802000

Marking Bits: (ParMarkBitMap*) 0x0000000059e44ce0
 Begin Bits: [0x00000000126c0000, 0x0000000014650000)
 End Bits:   [0x0000000014650000, 0x00000000165e0000)

Polling page: 0x0000000000d70000

CodeCache: size=245760Kb used=328Kb max_used=328Kb free=245431Kb
 bounds [0x0000000002850000, 0x0000000002ac0000, 0x0000000011850000]
 total_blobs=58 nmethods=0 adapters=38
 compilation: enabled

Compilation events (0 events):
No events

GC Heap History (0 events):
No events

Deoptimization events (0 events):
No events

Classes redefined (0 events):
No events

Internal exceptions (0 events):
No events

Events (10 events):
Event: 0.072 loading class java/lang/Short
Event: 0.072 loading class java/lang/Short done
Event: 0.072 loading class java/lang/Integer
Event: 0.072 loading class java/lang/Integer done
Event: 0.072 loading class java/lang/Long
Event: 0.072 loading class java/lang/Long done
Event: 0.073 loading class java/lang/NullPointerException
Event: 0.073 loading class java/lang/NullPointerException done
Event: 0.073 loading class java/lang/ArithmeticException
Event: 0.073 loading class java/lang/ArithmeticException done


Dynamic libraries:
0x00007ff6e26d0000 - 0x00007ff6e2707000 	C:\Program Files\Java\jre1.8.0_201\bin\javaw.exe
0x00007ffb85160000 - 0x00007ffb85350000 	C:\WINDOWS\SYSTEM32\ntdll.dll
0x00007ffb83940000 - 0x00007ffb839f2000 	C:\WINDOWS\System32\KERNEL32.DLL
0x00007ffb82170000 - 0x00007ffb82413000 	C:\WINDOWS\System32\KERNELBASE.dll
0x00007ffb83270000 - 0x00007ffb83313000 	C:\WINDOWS\System32\ADVAPI32.dll
0x00007ffb846c0000 - 0x00007ffb8475e000 	C:\WINDOWS\System32\msvcrt.dll
0x00007ffb83a00000 - 0x00007ffb83a97000 	C:\WINDOWS\System32\sechost.dll
0x00007ffb83320000 - 0x00007ffb83440000 	C:\WINDOWS\System32\RPCRT4.dll
0x00007ffb84300000 - 0x00007ffb84494000 	C:\WINDOWS\System32\USER32.dll
0x00007ffb82f80000 - 0x00007ffb82fa1000 	C:\WINDOWS\System32\win32u.dll
0x00007ffb84760000 - 0x00007ffb84786000 	C:\WINDOWS\System32\GDI32.dll
0x00007ffb82d10000 - 0x00007ffb82ea4000 	C:\WINDOWS\System32\gdi32full.dll
0x00007ffb82eb0000 - 0x00007ffb82f4e000 	C:\WINDOWS\System32\msvcp_win.dll
0x00007ffb82420000 - 0x00007ffb8251a000 	C:\WINDOWS\System32\ucrtbase.dll
0x00007ffb72da0000 - 0x00007ffb73025000 	C:\WINDOWS\WinSxS\amd64_microsoft.windows.common-controls_6595b64144ccf1df_6.0.18362.535_none_e6c3b34713100821\COMCTL32.dll
0x00007ffb83600000 - 0x00007ffb83936000 	C:\WINDOWS\System32\combase.dll
0x00007ffb820f0000 - 0x00007ffb82170000 	C:\WINDOWS\System32\bcryptPrimitives.dll
0x00007ffb83b60000 - 0x00007ffb83b8e000 	C:\WINDOWS\System32\IMM32.DLL
0x000000005ab30000 - 0x000000005ac01000 	C:\Program Files\Java\jre1.8.0_201\bin\msvcr100.dll
0x0000000059620000 - 0x0000000059ec4000 	C:\Program Files\Java\jre1.8.0_201\bin\server\jvm.dll
0x00007ffb835f0000 - 0x00007ffb835f8000 	C:\WINDOWS\System32\PSAPI.DLL
0x00007ffb73100000 - 0x00007ffb73109000 	C:\WINDOWS\SYSTEM32\WSOCK32.dll
0x00007ffb83450000 - 0x00007ffb834bf000 	C:\WINDOWS\System32\WS2_32.dll
0x00007ffb78b10000 - 0x00007ffb78b34000 	C:\WINDOWS\SYSTEM32\WINMM.dll
0x00007ffb79390000 - 0x00007ffb7939a000 	C:\WINDOWS\SYSTEM32\VERSION.dll
0x00007ffb78840000 - 0x00007ffb7886d000 	C:\WINDOWS\SYSTEM32\WINMMBASE.dll
0x00007ffb82520000 - 0x00007ffb8256a000 	C:\WINDOWS\System32\cfgmgr32.dll
0x00007ffb7e7b0000 - 0x00007ffb7e7bf000 	C:\Program Files\Java\jre1.8.0_201\bin\verify.dll
0x00007ffb69e70000 - 0x00007ffb69e99000 	C:\Program Files\Java\jre1.8.0_201\bin\java.dll
0x00007ffb64df0000 - 0x00007ffb64e06000 	C:\Program Files\Java\jre1.8.0_201\bin\zip.dll

VM Arguments:
jvm_args: -Dfile.encoding=Cp1252 
java_command: gestioneesami.control.main
java_class_path (initial): C:\Users\draat\eclipse-workspace\Progetto Esame 19-12 Ing Software\bin
Launcher Type: SUN_STANDARD

Environment Variables:
PATH=C:/Program Files/Java/jre1.8.0_201/bin/server;C:/Program Files/Java/jre1.8.0_201/bin;C:/Program Files/Java/jre1.8.0_201/lib/amd64;C:\Program Files (x86)\Common Files\Oracle\Java\javapath;C:\ProgramData\Oracle\Java\javapath;C:\MinGW\bin;C\ProgramFiles\Java\jre1.8.0_181\bin;C:\WINDOWS\system32;C:\WINDOWS;C:\WINDOWS\System32\Wbem;C:\WINDOWS\System32\WindowsPowerShell\v1.0\;C:\WINDOWS\System32\OpenSSH\;C:\Program Files (x86)\NVIDIA Corporation\PhysX\Common;C:\WINDOWS\system32;C:\WINDOWS;C:\WINDOWS\System32\Wbem;C:\WINDOWS\System32\WindowsPowerShell\v1.0\;C:\WINDOWS\System32\OpenSSH\;C:\Users\draat\AppData\Local\Microsoft\WindowsApps;;C:\Program Files\JetBrains\DataGrip 2018.3.4\bin;;C:\Users\draat\Desktop;
USERNAME=draat
OS=Windows_NT
PROCESSOR_IDENTIFIER=Intel64 Family 6 Model 60 Stepping 3, GenuineIntel



---------------  S Y S T E M  ---------------

OS: Windows 10.0 , 64 bit Build 18362 (10.0.18362.329)

CPU:total 4 (initial active 4) (2 cores per cpu, 2 threads per core) family 6 model 60 stepping 3, cmov, cx8, fxsr, mmx, sse, sse2, sse3, ssse3, sse4.1, sse4.2, popcnt, avx, avx2, aes, clmul, erms, lzcnt, ht, tsc, tscinvbit, bmi1, bmi2

Memory: 4k page, physical 8266008k(1540204k free), swap 15434008k(5600k free)

vm_info: Java HotSpot(TM) 64-Bit Server VM (25.201-b09) for windows-amd64 JRE (1.8.0_201-b09), built on Dec 15 2018 18:36:39 by "java_re" with MS VC++ 10.0 (VS2010)

time: Sun Dec 15 18:37:16 2019
timezone: ora solare Europa occidentale
elapsed time: 0 seconds (0d 0h 0m 0s)

